
Importing C:\Users\Gabriel\OneDrive\Documentos\Trabalhos IME\Extras\PIBITI FAPERJ\Projeto\BrushServo\PCB\BrushServo\PDNAnalyzer_Output\BrushServo_MG995\BrushServo_MG995\odb.tgz... [Sun Nov 12 19:38:19 2023]
============================================================
Reading ODB++ database ...

Reading file odb/misc/info...
Reading file odb/matrix/matrix...
Reading file odb/steps/pcb/profile...
Reading file odb/steps/pcb/eda/data...
Origin of ODB++ database:  Altium Designer file - Version 1.0.0.30000
WARNING: Ignoring I(40 time(s))
eda data: 7 packages, 29 nets.
Reading file odb/steps/pcb/layers/top_solder/features...
66 SWHs on layer TOP_SOLDER

Reading file odb/steps/pcb/layers/top_layer/features...
183 SWHs on layer TOP_LAYER

Reading file odb/steps/pcb/layers/dielectric_1/features...
0 SWHs on layer DIELECTRIC_1

Reading file odb/steps/pcb/layers/bottom_layer/features...
178 SWHs on layer BOTTOM_LAYER

Reading file odb/steps/pcb/layers/bottom_solder/features...
64 SWHs on layer BOTTOM_SOLDER

Reading file odb/steps/pcb/layers/top_solder/attrlist...
Reading file odb/steps/pcb/layers/top_layer/attrlist...
Reading file odb/steps/pcb/layers/dielectric_1/attrlist...
Reading file odb/steps/pcb/layers/bottom_layer/attrlist...
Reading file odb/steps/pcb/layers/bottom_solder/attrlist...
WARNING: material values were set to default due to missing information for the following layers:  'TOP_SOLDER', 'TOP_LAYER', 'DIELECTRIC_1', 'BOTTOM_LAYER', 'BOTTOM_SOLDER'
parsing drills TOP_LAYER-BOTTOM_LAYER
Reading file odb/steps/pcb/layers/drill_plated_bottom-top/features...
Reading file odb/steps/pcb/layers/comp_+_top/components...
Reading file odb/steps/pcb/layers/comp_+_bot/components...
INFO: 14 duplicate vertices ignored
========================================
INFO: Created CSV file (C:\Users\Gabriel\OneDrive\Documentos\Trabalhos IME\Extras\PIBITI FAPERJ\Projeto\BrushServo\PCB\BrushServo\PDNAnalyzer_Output\BrushServo_MG995\BrushServo_MG995\Results\tmp\design.csv) with component properties extracted from ODB++ file.
========================================
========================================
Lumped-element import (C:\Users\Gabriel\OneDrive\Documentos\Trabalhos IME\Extras\PIBITI FAPERJ\Projeto\BrushServo\PCB\BrushServo\PDNAnalyzer_Output\BrushServo_MG995\BrushServo_MG995\Results\tmp\design.csv)...
Detected ' ; ' as separator.

WARNING: unable to interpret: CL21A106KOQNNNG
WARNING: unable to interpret: RMCF0805FT10R0
WARNING: unable to interpret: WSLP08055L000FEA18
WARNING: unable to interpret: RMCF0805FT330R
WARNING: unable to interpret: RMCF0805FT10K0
WARNING: unable to interpret: RMCF0805FT1K00
WARNING: unable to interpret: RMCF0805FT2K67
========================================
WARNING: There were some warnings while importing the auto-generated CSV-file 'C:\Users\Gabriel\OneDrive\Documentos\Trabalhos IME\Extras\PIBITI FAPERJ\Projeto\BrushServo\PCB\BrushServo\PDNAnalyzer_Output\BrushServo_MG995\BrushServo_MG995\Results\tmp\design.csv'. Please review the auto-generated file under Parts Editor->Load (csv).
========================================
Unifying library padstacks...
Finished reading database.
============================================================
